"C:\Development\CodeExchange\iConvert\iconvert.dbl"(98): .include 'INC:iconvert.def'
%DBL-E-OPENIN2, Cannot open:  INC:iconvert.def
"C:\Development\CodeExchange\iConvert\iconvert.dbl"(100): .include 'INC:ismkey.def'
%DBL-E-OPENIN2, Cannot open:  INC:ismkey.def
"C:\Development\CodeExchange\iConvert\iconvert.dbl"(147):         filespec        ,a FIL_SIZ          ;file specification
%DBL-E-NFND, FIL_SIZ not found
"C:\Development\CodeExchange\iConvert\iconvert.dbl"(148):         key_spec        ,[ NM_KEYS ] a KEY_SIZ  ;key specifications (MUST BE REAL ARRAY)
%DBL-E-NFND, NM_KEYS not found
"C:\Development\CodeExchange\iConvert\iconvert.dbl"(940): .include 'INC:iconvert.def'
%DBL-E-OPENIN2, Cannot open:  INC:iconvert.def
"C:\Development\CodeExchange\iConvert\iconvert.dbl"(1684): .include 'INC:iconvert.def'
%DBL-E-OPENIN2, Cannot open:  INC:iconvert.def
"C:\Development\CodeExchange\iConvert\iconvert.dbl"(1811): .include 'INC:iconvert.def'
%DBL-E-OPENIN2, Cannot open:  INC:iconvert.def
"C:\Development\CodeExchange\iConvert\iconvert.dbl"(1921): .include 'INC:iconvert.def'
%DBL-E-OPENIN2, Cannot open:  INC:iconvert.def
"C:\Development\CodeExchange\iConvert\iconvert.dbl"(2083): .include 'INC:iconvert.def'
%DBL-E-OPENIN2, Cannot open:  INC:iconvert.def
"C:\Development\CodeExchange\iConvert\iconvert.dbl"(2177): .include 'INC:iconvert.def'
%DBL-E-OPENIN2, Cannot open:  INC:iconvert.def
"C:\Development\CodeExchange\iConvert\ismkey.dbl"(67): .include 'INC:ismkey.def'                       ;function return values plus other defines
%DBL-E-OPENIN2, Cannot open:  INC:ismkey.def
"C:\Development\CodeExchange\iConvert\ismkey.dbl"(91):         filespec        ,a FIL_SIZ              ;file specification
%DBL-E-NFND, FIL_SIZ not found
"C:\Development\CodeExchange\iConvert\ismkey.dbl"(92):         keyspec         ,a KEY_SIZ              ;Key specification
%DBL-E-NFND, KEY_SIZ not found
"C:\Development\CodeExchange\iConvert\ismkey.dbl"(93):         st              ,a ST_SIZ               ;key segment start position string
%DBL-E-NFND, ST_SIZ not found
"C:\Development\CodeExchange\iConvert\ismkey.dbl"(94):         ln              ,a LN_SIZ               ;key segment length string
%DBL-E-NFND, LN_SIZ not found
"C:\Development\CodeExchange\iConvert\ismkey.dbl"(95):         ty              ,a TY_SIZ               ;key segment type string
%DBL-E-NFND, TY_SIZ not found
"C:\Development\CodeExchange\iConvert\ismkey.dbl"(96):         or              ,a OR_SIZ               ;key segment order string
%DBL-E-NFND, OR_SIZ not found
"C:\Development\CodeExchange\iConvert\ismkey.dbl"(111):         key_spec        ,a KEY_SIZ              ;key specification for structure
%DBL-E-NFND, KEY_SIZ not found
%DBL-E-NOASM, No assembly file created

Errors:        18

